{"/home/bkn/Documentos/py-struct/app/index.js":{"path":"/home/bkn/Documentos/py-struct/app/index.js","s":{"1":1,"2":1,"3":1,"4":1,"5":1,"6":1,"7":1,"8":1,"9":1,"10":0,"11":1,"12":1,"13":1,"14":1,"15":1,"16":5,"17":1,"18":1,"19":2,"20":1,"21":1,"22":1,"23":1,"24":3,"25":1,"26":1,"27":7,"28":1,"29":1,"30":3,"31":1},"b":{},"f":{"1":1,"2":0,"3":1,"4":1},"fnMap":{"1":{"name":"(anonymous_1)","line":11,"loc":{"start":{"line":11,"column":13},"end":{"line":11,"column":16}}},"2":{"name":"(anonymous_2)","line":28,"loc":{"start":{"line":28,"column":22},"end":{"line":28,"column":39}}},"3":{"name":"(anonymous_3)","line":59,"loc":{"start":{"line":59,"column":11},"end":{"line":59,"column":14}}},"4":{"name":"(anonymous_4)","line":148,"loc":{"start":{"line":148,"column":7},"end":{"line":148,"column":10}}}},"statementMap":{"1":{"start":{"line":3,"column":0},"end":{"line":3,"column":44}},"2":{"start":{"line":4,"column":0},"end":{"line":4,"column":29}},"3":{"start":{"line":5,"column":0},"end":{"line":5,"column":29}},"4":{"start":{"line":6,"column":0},"end":{"line":6,"column":31}},"5":{"start":{"line":7,"column":0},"end":{"line":7,"column":31}},"6":{"start":{"line":8,"column":0},"end":{"line":8,"column":37}},"7":{"start":{"line":10,"column":0},"end":{"line":151,"column":2}},"8":{"start":{"line":13,"column":8},"end":{"line":16,"column":11}},"9":{"start":{"line":18,"column":8},"end":{"line":56,"column":11}},"10":{"start":{"line":29,"column":16},"end":{"line":29,"column":48}},"11":{"start":{"line":54,"column":12},"end":{"line":54,"column":32}},"12":{"start":{"line":55,"column":12},"end":{"line":55,"column":39}},"13":{"start":{"line":61,"column":8},"end":{"line":65,"column":15}},"14":{"start":{"line":67,"column":8},"end":{"line":67,"column":91}},"15":{"start":{"line":68,"column":8},"end":{"line":77,"column":9}},"16":{"start":{"line":69,"column":12},"end":{"line":76,"column":19}},"17":{"start":{"line":79,"column":8},"end":{"line":79,"column":52}},"18":{"start":{"line":80,"column":8},"end":{"line":90,"column":9}},"19":{"start":{"line":82,"column":12},"end":{"line":89,"column":19}},"20":{"start":{"line":92,"column":8},"end":{"line":99,"column":15}},"21":{"start":{"line":101,"column":8},"end":{"line":105,"column":15}},"22":{"start":{"line":107,"column":8},"end":{"line":107,"column":57}},"23":{"start":{"line":108,"column":8},"end":{"line":119,"column":9}},"24":{"start":{"line":110,"column":10},"end":{"line":118,"column":17}},"25":{"start":{"line":122,"column":8},"end":{"line":126,"column":10}},"26":{"start":{"line":128,"column":8},"end":{"line":133,"column":9}},"27":{"start":{"line":130,"column":12},"end":{"line":132,"column":47}},"28":{"start":{"line":135,"column":8},"end":{"line":138,"column":10}},"29":{"start":{"line":140,"column":8},"end":{"line":145,"column":9}},"30":{"start":{"line":142,"column":12},"end":{"line":144,"column":54}},"31":{"start":{"line":149,"column":8},"end":{"line":149,"column":27}}},"branchMap":{}}}