TN:
SF:/home/bkn/Documentos/py-struct/app/index.js
FN:11,(anonymous_1)
FN:28,(anonymous_2)
FN:59,(anonymous_3)
FN:148,(anonymous_4)
FNF:4
FNH:3
FNDA:1,(anonymous_1)
FNDA:0,(anonymous_2)
FNDA:1,(anonymous_3)
FNDA:1,(anonymous_4)
DA:3,1
DA:4,1
DA:5,1
DA:6,1
DA:7,1
DA:8,1
DA:10,1
DA:13,1
DA:18,1
DA:29,0
DA:54,1
DA:55,1
DA:61,1
DA:67,1
DA:68,1
DA:69,5
DA:79,1
DA:80,1
DA:82,2
DA:92,1
DA:101,1
DA:107,1
DA:108,1
DA:110,3
DA:122,1
DA:128,1
DA:130,7
DA:135,1
DA:140,1
DA:142,3
DA:149,1
LF:31
LH:30
BRF:0
BRH:0
end_of_record
